<?xml version="1.0" encoding="UTF-8"?>
<testng-results ignored="0" total="1" passed="1" failed="0" skipped="0">
  <reporter-output>
  </reporter-output>
  <suite started-at="2024-09-02T14:12:15 IST" name="Default suite" finished-at="2024-09-02T14:12:24 IST" duration-ms="8603">
    <groups>
    </groups>
    <test started-at="2024-09-02T14:12:15 IST" name="Default test" finished-at="2024-09-02T14:12:24 IST" duration-ms="8603">
      <class name="basicweb.FirstTestClass">
        <test-method is-config="true" signature="setUp()[pri:0, instance:basicweb.FirstTestClass@606e4010]" started-at="2024-09-02T14:12:15 IST" name="setUp" finished-at="2024-09-02T14:12:17 IST" duration-ms="2152" status="PASS">
          <reporter-output>
          </reporter-output>
        </test-method> <!-- setUp -->
        <test-method signature="testAmazonPage()[pri:0, instance:basicweb.FirstTestClass@606e4010]" started-at="2024-09-02T14:12:18 IST" name="testAmazonPage" finished-at="2024-09-02T14:12:24 IST" duration-ms="6132" status="PASS">
          <reporter-output>
          </reporter-output>
        </test-method> <!-- testAmazonPage -->
        <test-method is-config="true" signature="tearDown()[pri:0, instance:basicweb.FirstTestClass@606e4010]" started-at="2024-09-02T14:12:24 IST" name="tearDown" finished-at="2024-09-02T14:12:24 IST" duration-ms="270" status="PASS">
          <reporter-output>
          </reporter-output>
        </test-method> <!-- tearDown -->
      </class> <!-- basicweb.FirstTestClass -->
    </test> <!-- Default test -->
  </suite> <!-- Default suite -->
</testng-results>
